2022-05-15 09:59:27,754 DEBUG Запрошены все посты
2022-05-15 09:59:39,757 DEBUG Запрошен пост 1
2022-05-15 09:59:48,664 DEBUG Запрошен пост 5
2022-05-15 09:59:50,577 DEBUG Запрошены все посты
2022-05-15 10:29:53,243 DEBUG Запрошены все посты
2022-05-15 10:29:55,201 DEBUG Запрошен пост 1
2022-05-15 10:29:57,111 DEBUG Запрошены все посты
2022-05-15 10:29:57,965 DEBUG Запрошены все посты
2022-05-15 10:30:01,343 DEBUG Запрошен пост 4
2022-05-15 10:30:03,625 DEBUG Запрошены все посты
2022-05-15 10:35:23,058 DEBUG Запрошены все посты
2022-05-15 10:36:58,099 DEBUG Запрошены все посты через API
2022-05-15 10:43:13,828 DEBUG Запрошены все посты через API
2022-05-15 10:43:18,734 DEBUG Запрошен пост 1 через API
2022-05-15 10:43:24,614 DEBUG Запрошен пост 4 через API
2022-05-15 10:43:36,566 DEBUG Запрошен пост 5 через API
2022-05-15 10:52:55,104 DEBUG Запрошены все посты через API
2022-05-15 10:53:19,783 DEBUG Запрошен пост 1 через API
2022-05-15 10:53:26,188 DEBUG Запрошен пост 6 через API
2022-05-15 10:53:36,102 DEBUG Запрошен пост 1
2022-05-15 10:53:37,691 DEBUG Запрошены все посты
2022-05-15 10:53:43,918 DEBUG Запрошен пост 2
2022-05-15 10:53:59,563 DEBUG Запрошены все посты
2022-05-15 10:54:01,214 DEBUG Запрошены все посты
2022-05-15 11:30:08,046 DEBUG Запрошены все посты
2022-05-15 11:30:17,476 DEBUG Запрошен пост 1
2022-05-15 11:30:19,255 DEBUG Запрошены все посты
2022-05-15 11:30:24,562 DEBUG Запрошен пост 1
2022-05-15 11:30:26,229 DEBUG Запрошены все посты
2022-05-15 11:35:46,601 DEBUG Запрошены все посты
2022-05-15 11:35:53,074 DEBUG Запрошены все посты
2022-05-15 11:37:30,356 DEBUG Запрошен пост 1
2022-05-15 11:37:32,433 DEBUG Запрошены все посты
2022-05-15 11:47:14,426 DEBUG Запрошены все посты
2022-05-15 11:47:18,920 DEBUG Запрошен пост по имени
2022-05-15 11:47:27,428 DEBUG Запрошены все посты
2022-05-15 11:47:29,676 DEBUG Запрошен пост по имени
2022-05-15 11:47:31,075 DEBUG Запрошены все посты
2022-05-15 11:52:26,236 DEBUG Запрошен пост по имени
2022-05-15 11:52:29,420 DEBUG Запрошены все посты
2022-05-15 11:52:30,641 DEBUG Запрошен пост по имени
2022-05-15 11:52:32,197 DEBUG Запрошены все посты
2022-05-15 11:52:32,992 DEBUG Запрошен пост 1
2022-05-15 11:52:34,584 DEBUG Запрошены все посты
2022-05-15 11:52:36,693 DEBUG Запрошен пост по имени
2022-05-15 11:52:47,489 DEBUG Запрошен пост по имени
2022-05-15 11:52:49,751 DEBUG Запрошены все посты
2022-05-15 11:52:54,937 DEBUG Запрошен пост 2
2022-05-15 11:53:00,490 DEBUG Запрошены все посты
2022-05-15 11:53:01,985 DEBUG Запрошен пост по имени
2022-05-15 11:53:07,059 DEBUG Запрошены все посты
2022-05-15 11:53:15,608 DEBUG Запрошен пост 1
2022-05-15 11:53:22,025 DEBUG Запрошены все посты
2022-05-15 11:53:25,627 DEBUG Запрошен пост по имени
2022-05-15 11:53:27,527 DEBUG Запрошены все посты
2022-05-15 11:53:34,035 DEBUG Запрошены все посты
2022-05-15 11:53:45,370 DEBUG Запрошены все посты
2022-05-15 11:53:53,607 DEBUG Запрошены все посты
2022-05-15 11:53:56,540 DEBUG Запрошены все посты
2022-05-15 11:54:09,038 DEBUG Запрошен пост 1
2022-05-15 11:56:11,475 DEBUG Запрошены все посты
2022-05-15 11:56:18,393 DEBUG Запрошены все посты
2022-05-15 11:57:36,717 DEBUG Запрошены все посты
2022-05-15 11:57:41,923 DEBUG Запрошен пост по имени
2022-05-15 11:57:46,314 DEBUG Запрошены все посты
2022-05-15 12:00:54,703 DEBUG Запрошены все посты
2022-05-15 12:00:57,113 DEBUG Запрошены все посты
2022-05-15 12:00:58,536 DEBUG Запрошены все посты
2022-05-15 12:00:59,909 DEBUG Запрошены все посты
2022-05-15 12:01:00,178 DEBUG Запрошены все посты
2022-05-15 12:01:22,986 DEBUG Запрошены все посты
2022-05-15 12:01:25,032 DEBUG Запрошен пост 1
2022-05-15 12:01:27,696 DEBUG Запрошены все посты
2022-05-15 12:01:28,819 DEBUG Запрошен пост по имени
2022-05-15 12:01:29,861 DEBUG Запрошены все посты
2022-05-15 12:02:25,018 DEBUG Запрошен пост по имени
2022-05-15 12:02:29,297 DEBUG Запрошен пост по имени
2022-05-15 12:02:35,129 DEBUG Запрошен пост 2
2022-05-15 12:05:47,701 DEBUG Запрошены все посты
2022-05-15 12:05:49,509 DEBUG Запрошены все посты
2022-05-15 12:05:50,611 DEBUG Запрошены все посты
2022-05-15 12:05:51,033 DEBUG Запрошены все посты
2022-05-15 12:05:51,259 DEBUG Запрошены все посты
2022-05-15 12:05:51,445 DEBUG Запрошены все посты
2022-05-15 12:05:51,628 DEBUG Запрошены все посты
2022-05-15 12:05:58,020 DEBUG Запрошен пост 1
2022-05-15 12:05:59,380 DEBUG Запрошены все посты
2022-05-15 12:06:13,971 DEBUG Запрошен пост 1
2022-05-15 12:06:19,479 DEBUG Запрошены все посты
2022-05-15 12:08:00,691 DEBUG Запрошены все посты
2022-05-15 12:08:02,371 DEBUG Запрошены все посты
2022-05-15 12:08:03,074 DEBUG Запрошены все посты
2022-05-15 12:08:03,331 DEBUG Запрошены все посты
2022-05-15 12:09:22,203 DEBUG Запрошены все посты
2022-05-15 12:09:24,893 DEBUG Запрошен пост 1
2022-05-15 12:09:26,214 DEBUG Запрошены все посты
2022-05-15 12:09:27,045 DEBUG Запрошен пост по имени
2022-05-15 12:09:29,401 DEBUG Запрошен пост 1
2022-05-15 12:09:30,770 DEBUG Запрошены все посты
2022-05-15 12:09:31,647 DEBUG Запрошен пост по имени
2022-05-15 12:09:35,381 DEBUG Запрошены все посты
2022-05-15 12:09:38,799 DEBUG Запрошен пост по имени
2022-05-15 12:09:44,526 DEBUG Запрошен пост 2
2022-05-15 12:09:47,971 DEBUG Запрошен пост по имени
2022-05-15 12:09:56,063 DEBUG Запрошен пост по имени
2022-05-15 12:22:11,095 DEBUG Запрошен пост по имени
2022-05-15 12:28:34,282 DEBUG Запрошен пост по имени
2022-05-15 12:28:40,968 DEBUG Запрошен пост по имени
2022-05-15 12:29:52,905 DEBUG Запрошен пост по имени
2022-05-15 12:29:56,335 DEBUG Запрошен пост по имени
2022-05-15 12:30:09,162 DEBUG Запрошен пост 4
2022-05-15 12:30:15,607 DEBUG Запрошены все посты
2022-05-15 12:30:17,685 DEBUG Запрошен пост по имени
2022-05-15 13:45:36,457 DEBUG Запрошены все посты
2022-05-15 13:45:38,394 DEBUG Запрошен пост по имени
2022-05-15 13:45:40,655 DEBUG Запрошен пост 1
2022-05-15 13:45:42,089 DEBUG Запрошены все посты
2022-05-15 13:45:45,125 DEBUG Запрошен пост по имени
2022-05-15 13:45:55,511 DEBUG Запрошен пост по имени
2022-05-15 13:52:19,303 DEBUG Запрошены все посты
2022-05-15 14:00:06,802 DEBUG Запрошен пост по имени
2022-05-15 14:00:11,647 DEBUG Запрошен пост по имени
2022-05-15 14:00:13,739 DEBUG Запрошен пост 1
2022-05-15 14:00:15,821 DEBUG Запрошен пост по имени
2022-05-15 14:00:40,958 DEBUG Запрошены все посты
2022-05-15 14:00:42,942 DEBUG Запрошен пост по имени
2022-05-15 14:00:44,474 DEBUG Запрошены все посты
2022-05-15 14:03:47,957 DEBUG Запрошены все посты
2022-05-15 14:03:49,844 DEBUG Запрошен пост 1
2022-05-15 14:03:50,999 DEBUG Запрошены все посты
2022-05-15 14:03:51,795 DEBUG Запрошен пост по имени
2022-05-15 14:14:57,833 DEBUG Запрошены все посты
2022-05-15 14:15:03,596 DEBUG Запрошен пост по имени
2022-05-15 14:15:05,142 DEBUG Запрошены все посты
2022-05-15 14:15:06,612 DEBUG Запрошен пост 1
2022-05-15 14:15:07,801 DEBUG Запрошены все посты
2022-05-15 14:15:08,750 DEBUG Запрошен пост по имени
2022-05-15 14:15:11,351 DEBUG Запрошены все посты
2022-05-15 14:15:40,350 DEBUG Запрошен пост по имени
2022-05-15 14:17:53,038 DEBUG Запрошен пост по имени
2022-05-15 14:17:55,303 DEBUG Запрошены все посты
2022-05-15 14:17:56,842 DEBUG Запрошен пост 1
2022-05-15 14:17:58,390 DEBUG Запрошены все посты
2022-05-15 14:18:00,006 DEBUG Запрошен пост по имени
2022-05-15 14:18:01,960 DEBUG Запрошены все посты
2022-05-15 14:18:05,296 DEBUG Запрошен пост 1
2022-05-15 14:18:08,626 DEBUG Запрошены все посты
2022-05-15 14:18:13,680 DEBUG Запрошен пост по имени
2022-05-15 14:18:17,207 DEBUG Запрошены все посты
2022-05-15 14:23:48,995 DEBUG Запрошены все посты
2022-05-15 14:23:50,294 DEBUG Запрошен пост 1
2022-05-15 14:23:51,429 DEBUG Запрошены все посты
2022-05-15 14:23:52,304 DEBUG Запрошен пост по имени
2022-05-15 14:27:37,295 DEBUG Запрошены все посты
2022-05-15 14:27:38,647 DEBUG Запрошены все посты
2022-05-15 14:27:39,911 DEBUG Запрошен пост 1
2022-05-15 14:27:42,023 DEBUG Запрошены все посты
2022-05-15 14:27:42,940 DEBUG Запрошен пост по имени
2022-05-15 14:27:46,993 DEBUG Запрошен пост по имени
2022-05-15 14:31:08,725 DEBUG Запрошены все посты
2022-05-15 14:31:09,935 DEBUG Запрошен пост по имени
2022-05-15 14:31:21,968 DEBUG Запрошены все посты
2022-05-15 14:31:23,465 DEBUG Запрошен пост 1
2022-05-15 14:31:29,326 DEBUG Запрошены все посты
2022-05-15 14:33:58,201 DEBUG Запрошен пост по имени
2022-05-15 14:34:04,564 DEBUG Запрошены все посты
2022-05-15 14:34:06,155 DEBUG Запрошен пост 1
2022-05-15 14:34:07,244 DEBUG Запрошены все посты
2022-05-15 14:34:08,109 DEBUG Запрошен пост по имени
2022-05-15 14:34:09,893 DEBUG Запрошены все посты
2022-05-15 14:39:01,766 DEBUG Запрошены все посты
2022-05-15 14:39:02,949 DEBUG Запрошен пост по имени
2022-05-15 14:39:10,432 DEBUG Запрошен пост 1
2022-05-15 14:39:13,579 DEBUG Запрошены все посты
2022-05-15 14:39:14,825 DEBUG Запрошен пост по имени
2022-05-15 14:39:21,530 DEBUG Запрошены все посты
2022-05-15 14:39:24,534 DEBUG Запрошен пост по имени
2022-05-15 14:39:39,346 DEBUG Запрошен пост 4
2022-05-15 14:39:44,531 DEBUG Запрошены все посты
2022-05-15 14:39:48,911 DEBUG Запрошен пост по имени
2022-05-15 14:39:55,891 DEBUG Запрошен пост 3
2022-05-15 14:40:00,174 DEBUG Запрошены все посты
2022-05-15 14:40:11,308 DEBUG Запрошен пост по имени
2022-05-15 14:43:14,366 DEBUG Запрошены все посты
2022-05-15 14:43:15,661 DEBUG Запрошен пост 1
2022-05-15 14:43:16,800 DEBUG Запрошены все посты
2022-05-15 14:43:17,605 DEBUG Запрошен пост по имени
2022-05-15 14:44:54,053 DEBUG Запрошен пост 1
2022-05-15 14:44:55,309 DEBUG Запрошены все посты
2022-05-15 14:44:56,441 DEBUG Запрошен пост по имени
2022-05-15 14:47:26,153 DEBUG Запрошены все посты
2022-05-15 14:47:27,750 DEBUG Запрошен пост 1
2022-05-15 14:47:30,153 DEBUG Запрошены все посты
2022-05-15 14:47:31,039 DEBUG Запрошен пост по имени
2022-05-15 14:47:41,531 DEBUG Запрошен пост по имени
2022-05-15 14:47:42,612 DEBUG Запрошен пост по имени
2022-05-15 14:47:50,542 DEBUG Запрошен пост 1
2022-05-15 14:47:53,546 DEBUG Запрошены все посты
2022-05-15 14:47:58,553 DEBUG Запрошен пост 1
2022-05-15 14:48:01,884 DEBUG Запрошены все посты
2022-05-15 14:48:02,900 DEBUG Запрошен пост по имени
2022-05-15 14:48:45,619 DEBUG Запрошены все посты
2022-05-15 14:48:47,273 DEBUG Запрошен пост 1
2022-05-15 14:48:48,435 DEBUG Запрошены все посты
2022-05-15 14:48:49,178 DEBUG Запрошен пост по имени
2022-05-15 14:48:50,480 DEBUG Запрошен пост 1
2022-05-15 14:48:53,948 DEBUG Запрошены все посты
2022-05-15 14:48:58,042 DEBUG Запрошен пост по имени
2022-05-15 14:49:00,722 DEBUG Запрошен пост 7
2022-05-15 14:49:04,609 DEBUG Запрошены все посты
2022-05-15 14:49:54,995 DEBUG Запрошен пост 1
2022-05-15 14:49:56,209 DEBUG Запрошены все посты
2022-05-15 14:49:57,067 DEBUG Запрошен пост по имени
2022-05-15 14:50:01,704 DEBUG Запрошен пост по имени
2022-05-15 14:50:03,145 DEBUG Запрошены все посты
2022-05-15 14:50:04,500 DEBUG Запрошен пост по имени
2022-05-15 14:50:06,703 DEBUG Запрошены все посты
2022-05-15 14:50:07,448 DEBUG Запрошен пост 1
2022-05-15 14:50:08,726 DEBUG Запрошены все посты
2022-05-15 14:51:41,374 DEBUG Запрошены все посты
2022-05-15 14:51:56,441 DEBUG Запрошены все посты
2022-05-15 14:51:58,380 DEBUG Запрошены все посты
2022-05-15 14:51:59,202 DEBUG Запрошены все посты
2022-05-15 14:52:00,444 DEBUG Запрошены все посты
2022-05-15 14:52:01,328 DEBUG Запрошены все посты
2022-05-15 14:52:01,954 DEBUG Запрошены все посты
2022-05-15 14:52:02,433 DEBUG Запрошены все посты
2022-05-15 14:52:02,790 DEBUG Запрошены все посты
2022-05-15 14:52:35,649 DEBUG Запрошены все посты
2022-05-15 14:52:37,771 DEBUG Запрошены все посты
2022-05-15 14:52:38,441 DEBUG Запрошены все посты
2022-05-15 14:52:38,875 DEBUG Запрошены все посты
2022-05-15 14:52:39,089 DEBUG Запрошены все посты
2022-05-15 14:52:39,335 DEBUG Запрошены все посты
2022-05-15 14:52:39,615 DEBUG Запрошены все посты
2022-05-15 14:52:39,838 DEBUG Запрошены все посты
2022-05-15 14:52:53,093 DEBUG Запрошены все посты
2022-05-15 14:54:09,500 DEBUG Запрошены все посты
2022-05-15 14:54:10,893 DEBUG Запрошен пост 1
2022-05-15 14:54:11,961 DEBUG Запрошены все посты
2022-05-15 14:54:12,942 DEBUG Запрошен пост по имени
2022-05-15 14:54:14,539 DEBUG Запрошен пост по имени
2022-05-15 14:54:19,357 DEBUG Запрошен пост 5
2022-05-15 14:54:22,304 DEBUG Запрошены все посты
2022-05-15 14:54:23,401 DEBUG Запрошен пост по имени
2022-05-15 14:54:27,894 DEBUG Запрошены все посты
2022-05-15 14:54:32,044 DEBUG Запрошены все посты
2022-05-15 14:54:49,008 DEBUG Запрошен пост 8
2022-05-15 14:54:55,209 DEBUG Запрошены все посты
2022-05-15 14:54:59,348 DEBUG Запрошен пост 2
2022-05-15 14:55:04,944 DEBUG Запрошены все посты
2022-05-15 14:55:09,379 DEBUG Запрошен пост 6
2022-05-15 14:55:18,725 DEBUG Запрошены все посты
2022-05-15 14:55:22,931 DEBUG Запрошен пост 8
2022-05-15 14:55:34,051 DEBUG Запрошены все посты
2022-05-15 14:55:35,942 DEBUG Запрошен пост 1
2022-05-15 14:55:39,827 DEBUG Запрошены все посты
2022-05-15 14:57:31,913 DEBUG Запрошен пост 1
2022-05-15 14:57:37,630 DEBUG Запрошен пост по имени
2022-05-15 14:57:41,801 DEBUG Запрошены все посты
2022-05-15 14:57:52,080 DEBUG Запрошен пост 5
2022-05-15 14:58:31,430 DEBUG Запрошен пост по имени
2022-05-15 14:58:34,389 DEBUG Запрошен пост 1
2022-05-15 14:58:39,053 DEBUG Запрошены все посты
2022-05-15 14:58:43,807 DEBUG Запрошен пост 4
2022-05-15 14:58:47,510 DEBUG Запрошен пост 4
2022-05-15 14:58:50,794 DEBUG Запрошен пост по имени
2022-05-15 14:58:56,792 DEBUG Запрошен пост 4
2022-05-15 14:59:00,426 DEBUG Запрошены все посты
2022-05-15 15:03:32,700 DEBUG Запрошены все посты
2022-05-15 15:03:34,108 DEBUG Запрошен пост 1
2022-05-15 15:03:37,527 DEBUG Запрошены все посты
2022-05-15 15:03:39,395 DEBUG Запрошен пост по имени
2022-05-15 16:06:22,481 DEBUG Запрошены все посты
2022-05-15 16:06:26,369 DEBUG Запрошен пост 5
2022-05-15 16:06:29,281 DEBUG Запрошен пост по имени
2022-05-15 16:06:35,120 DEBUG Запрошен пост 5
2022-05-15 16:06:38,123 DEBUG Запрошены все посты
2022-05-15 16:06:43,412 DEBUG Запрошен пост 3
2022-05-15 16:06:48,040 DEBUG Запрошены все посты
2022-05-15 16:06:52,030 DEBUG Запрошен пост по имени
2022-05-15 19:36:04,000 DEBUG Запрошен пост по имени
2022-05-15 19:36:07,136 DEBUG Запрошен пост по имени
2022-05-15 19:36:10,115 DEBUG Запрошен пост по имени
2022-05-15 19:36:11,133 DEBUG Запрошен пост 3
2022-05-15 19:36:14,498 DEBUG Запрошены все посты
2022-05-15 19:36:17,696 DEBUG Запрошен пост по имени
2022-05-15 19:36:20,962 DEBUG Запрошен пост 4
2022-05-15 19:36:24,778 DEBUG Запрошены все посты
2022-05-15 19:36:30,090 DEBUG Запрошен пост по имени
2022-05-15 19:36:33,104 DEBUG Запрошен пост по имени
2022-05-15 19:36:35,939 DEBUG Запрошен пост 1
2022-05-15 19:36:37,755 DEBUG Запрошен пост 1
2022-05-15 19:36:39,926 DEBUG Запрошены все посты
2022-05-15 19:36:42,245 DEBUG Запрошен пост 1
2022-05-15 19:36:43,476 DEBUG Запрошены все посты
2022-05-15 19:36:44,523 DEBUG Запрошен пост по имени
2022-05-15 19:36:47,440 DEBUG Запрошены все посты
2022-05-15 19:36:49,776 DEBUG Запрошен пост 1
2022-05-15 19:36:53,077 DEBUG Запрошен пост по имени
2022-05-15 19:36:54,865 DEBUG Запрошены все посты
2022-05-15 19:39:38,603 DEBUG Запрошены все посты
2022-05-15 19:39:45,097 DEBUG Запрошен пост по имени
2022-05-15 19:39:46,386 DEBUG Запрошен пост по имени
2022-05-15 19:39:51,108 DEBUG Запрошен пост 3
2022-05-15 19:39:54,755 DEBUG Запрошены все посты
2022-05-15 19:40:44,180 DEBUG Запрошены все посты
2022-05-15 19:40:50,907 DEBUG Запрошены все посты
2022-05-15 19:41:33,025 DEBUG Запрошены все посты
2022-05-15 19:41:50,360 DEBUG Запрошен пост по имени
2022-05-15 19:41:53,916 DEBUG Запрошен пост 1
2022-05-15 19:41:57,003 DEBUG Запрошены все посты
2022-05-15 20:28:07,612 DEBUG Запрошены все посты
2022-05-15 20:28:21,100 DEBUG Запрошен пост по имени
2022-05-15 20:28:23,952 DEBUG Запрошен пост 1
2022-05-15 20:28:27,012 DEBUG Запрошены все посты
2022-05-15 20:41:52,611 DEBUG Запрошены все посты
2022-05-15 20:45:08,532 DEBUG Запрошен пост 1
2022-05-15 20:45:11,491 DEBUG Запрошен пост по имени
2022-05-15 20:45:15,964 DEBUG Запрошен пост 1
2022-05-15 20:45:18,825 DEBUG Запрошены все посты
2022-05-15 20:47:30,773 DEBUG Запрошен пост по имени
2022-05-15 20:47:34,788 DEBUG Запрошен пост 1
2022-05-15 20:47:36,530 DEBUG Запрошены все посты
2022-05-15 20:47:47,404 DEBUG Запрошен пост 5 через API
2022-05-15 20:48:14,239 DEBUG Запрошены все посты через API
2022-05-15 20:48:30,740 DEBUG Запрошен пост 3 через API
2022-05-15 20:48:58,588 DEBUG Запрошены все посты через API
2022-05-15 20:49:22,907 DEBUG Запрошен пост 8
2022-05-15 20:49:26,330 DEBUG Запрошен пост по имени
2022-05-15 20:49:34,731 DEBUG Запрошен пост 4
2022-05-15 20:49:43,690 DEBUG Запрошены все посты
2022-05-15 20:49:57,965 DEBUG Запрошен пост по имени
2022-05-15 20:50:03,464 DEBUG Запрошены все посты
2022-05-15 20:52:13,654 DEBUG Запрошены все посты
2022-05-15 20:54:49,929 DEBUG Запрошен пост по имени
2022-05-15 20:54:52,081 DEBUG Запрошены все посты
2022-05-15 20:54:59,331 DEBUG Запрошены все посты
2022-05-15 20:55:29,937 DEBUG Запрошены все посты
2022-05-15 20:55:32,204 DEBUG Запрошены все посты
2022-05-15 20:55:47,531 DEBUG Запрошены все посты
2022-05-15 20:55:56,196 DEBUG Запрошен пост по имени
2022-05-15 20:56:00,745 DEBUG Запрошен пост 1
2022-05-15 20:56:04,234 DEBUG Запрошены все посты
2022-05-15 20:56:05,635 DEBUG Запрошен пост 1
2022-05-15 20:56:08,090 DEBUG Запрошены все посты
2022-05-15 21:07:55,376 DEBUG Запрошены все посты
2022-05-15 21:21:15,440 DEBUG Запрошены все посты
2022-05-15 21:21:17,917 DEBUG Запрошены все посты
2022-05-15 21:21:19,752 DEBUG Запрошен пост по имени
2022-05-15 21:21:23,663 DEBUG Запрошен пост 1
2022-05-15 21:21:27,864 DEBUG Запрошены все посты
2022-05-15 21:23:15,093 DEBUG Запрошены все посты
2022-05-15 21:23:29,906 DEBUG Запрошен пост по имени
2022-05-15 21:23:31,244 DEBUG Запрошены все посты
2022-05-15 21:23:32,047 DEBUG Запрошен пост 1
2022-05-15 21:23:33,412 DEBUG Запрошены все посты
2022-05-15 21:23:36,521 DEBUG Запрошен пост 1
2022-05-16 14:22:22,561 DEBUG Запрошены все посты
2022-05-16 14:22:26,904 DEBUG Запрошен пост по имени
2022-05-16 14:22:32,261 DEBUG Запрошен пост по имени
2022-05-16 14:22:34,991 DEBUG Запрошен пост 1
2022-05-16 14:22:39,008 DEBUG Запрошены все посты
2022-05-16 14:22:43,334 DEBUG Запрошен пост 4
2022-05-16 14:22:46,817 DEBUG Запрошен пост по имени
2022-05-16 14:22:51,817 DEBUG Запрошены все посты
2022-05-16 22:27:24,546 DEBUG Запрошены все посты
2022-05-16 22:27:26,928 DEBUG Запрошен пост по имени
2022-05-16 22:27:28,445 DEBUG Запрошены все посты
2022-05-16 22:27:29,344 DEBUG Запрошен пост 1
2022-05-16 22:27:33,686 DEBUG Запрошен пост по имени
2022-05-16 22:27:35,787 DEBUG Запрошен пост 1
2022-05-16 22:27:37,880 DEBUG Запрошены все посты
2022-05-16 22:28:10,340 DEBUG Запрошены все посты
2022-05-17 09:08:04,150 DEBUG Запрошены все посты
2022-05-17 09:08:07,132 DEBUG Запрошен пост по имени
2022-05-17 09:08:09,671 DEBUG Запрошен пост 1
2022-05-17 09:08:12,786 DEBUG Запрошены все посты
2022-05-17 09:08:20,416 DEBUG Запрошен пост по имени
2022-05-17 09:08:24,373 DEBUG Запрошен пост 5
2022-05-17 09:08:27,110 DEBUG Запрошены все посты
2022-05-17 09:25:56,654 DEBUG Запрошены все посты
2022-05-17 09:26:14,492 DEBUG Запрошены все посты
2022-05-17 17:03:41,775 DEBUG Запрошены все посты
2022-05-17 17:10:48,018 DEBUG Запрошены все посты
2022-05-17 17:10:50,022 DEBUG Запрошен пост по имени
2022-05-17 17:10:51,209 DEBUG Запрошены все посты
2022-05-17 17:10:52,648 DEBUG Запрошен пост по имени
2022-05-17 17:10:57,481 DEBUG Запрошен пост 5
2022-05-17 17:11:00,417 DEBUG Запрошены все посты
2022-05-17 17:13:11,376 DEBUG Запрошены все посты
2022-05-17 17:18:41,291 DEBUG Запрошены посты по вхождению
2022-05-17 17:18:51,038 DEBUG Запрошены посты по вхождению
2022-05-17 17:18:54,318 DEBUG Запрошены все посты
2022-05-17 17:20:19,993 DEBUG Запрошены посты по вхождению
2022-05-17 17:22:22,697 DEBUG Запрошены посты по вхождению
2022-05-17 17:22:39,565 DEBUG Запрошены посты по вхождению
2022-05-17 17:22:51,599 DEBUG Запрошены посты по вхождению
2022-05-17 17:22:58,497 DEBUG Запрошены все посты
2022-05-17 17:27:42,468 DEBUG Запрошены посты по вхождению
2022-05-17 17:27:58,860 DEBUG Запрошены посты по вхождению
2022-05-17 17:28:05,139 DEBUG Запрошены все посты
2022-05-17 17:28:08,338 DEBUG Запрошен пост по имени
2022-05-17 17:28:10,695 DEBUG Запрошен пост 5
2022-05-17 17:33:35,116 DEBUG Запрошены все посты
2022-05-17 17:33:39,380 DEBUG Запрошены посты по вхождению
2022-05-17 17:33:48,248 DEBUG Запрошены посты по вхождению
2022-05-17 17:33:53,056 DEBUG Запрошен пост 4
2022-05-17 17:33:56,038 DEBUG Запрошен пост по имени
2022-05-17 17:34:00,234 DEBUG Запрошен пост 4
2022-05-17 17:34:02,903 DEBUG Запрошены все посты
2022-05-17 17:35:00,981 DEBUG Запрошены посты по вхождению
2022-05-17 17:35:12,418 DEBUG Запрошены посты по вхождению
2022-05-17 17:35:14,042 DEBUG Запрошены все посты
2022-05-17 17:42:48,209 DEBUG Запрошены посты по вхождению
2022-05-17 17:42:57,926 DEBUG Запрошены посты по вхождению
2022-05-17 17:43:01,235 DEBUG Запрошены посты по вхождению
2022-05-17 17:43:06,039 DEBUG Запрошены посты по вхождению
2022-05-17 17:43:13,565 DEBUG Запрошены посты по вхождению
2022-05-17 17:43:20,622 DEBUG Запрошены посты по вхождению
2022-05-17 17:43:28,980 DEBUG Запрошены все посты
2022-05-17 23:18:01,913 DEBUG Запрошены все посты
2022-05-17 23:26:24,765 DEBUG Запрошены все посты
2022-05-17 23:26:27,563 DEBUG Запрошены посты по вхождению
2022-05-17 23:26:33,541 DEBUG Запрошен пост по имени
2022-05-17 23:26:38,088 DEBUG Запрошен пост по имени
2022-05-17 23:26:41,654 DEBUG Запрошен пост 1
2022-05-17 23:26:45,170 DEBUG Запрошены все посты
2022-05-17 23:26:52,763 DEBUG Запрошены посты по вхождению
2022-05-17 23:27:01,082 DEBUG Запрошены посты по вхождению
2022-05-17 23:27:07,201 DEBUG Запрошены посты по вхождению
2022-05-17 23:27:46,655 DEBUG Запрошены посты по вхождению
2022-05-17 23:27:57,273 DEBUG Запрошены посты по вхождению
2022-05-17 23:31:09,968 DEBUG Запрошены посты по вхождению
2022-05-17 23:31:25,622 DEBUG Запрошены посты по вхождению
2022-05-17 23:32:25,299 DEBUG Запрошены все посты
2022-05-17 23:32:30,617 DEBUG Запрошены посты по вхождению
2022-05-17 23:32:34,916 DEBUG Запрошены все посты
2022-05-17 23:32:37,960 DEBUG Запрошены посты по вхождению
2022-05-17 23:44:01,271 DEBUG Запрошены посты по вхождению
2022-05-17 23:44:02,309 DEBUG Запрошены все посты
2022-05-17 23:44:04,788 DEBUG Запрошен пост по имени
2022-05-17 23:44:23,331 DEBUG Запрошен пост по имени
2022-05-17 23:44:28,090 DEBUG Запрошены все посты
2022-05-17 23:44:31,597 DEBUG Запрошены посты по вхождению
2022-05-17 23:44:32,939 DEBUG Запрошены все посты
2022-05-17 23:44:37,359 DEBUG Запрошены посты по вхождению
2022-05-17 23:44:42,444 DEBUG Запрошены посты по вхождению
2022-05-17 23:44:46,600 DEBUG Запрошены все посты
2022-05-17 23:44:49,200 DEBUG Запрошены все посты
2022-05-18 00:57:30,111 DEBUG Запрошены все посты
2022-05-18 00:57:40,626 DEBUG Запрошен пост по имени
2022-05-18 00:57:44,044 DEBUG Запрошен пост 5
2022-05-18 00:57:47,018 DEBUG Запрошены все посты
2022-05-18 00:57:49,082 DEBUG Запрошены посты по вхождению
2022-05-18 00:57:51,376 DEBUG Запрошены все посты
2022-05-18 00:58:00,062 DEBUG Запрошены посты по вхождению
2022-05-18 00:58:11,659 DEBUG Запрошены все посты
2022-05-18 15:51:06,681 DEBUG Запрошены все посты
2022-05-18 15:51:51,510 DEBUG Запрошен пост 8
2022-05-18 15:52:05,148 DEBUG Запрошен пост по имени
2022-05-18 15:52:15,810 DEBUG Запрошены все посты
2022-05-18 15:52:19,002 DEBUG Запрошен пост 1
2022-05-18 15:52:30,922 DEBUG Запрошен пост по имени
2022-05-18 15:52:41,762 DEBUG Запрошены все посты
2022-05-18 15:52:48,076 DEBUG Запрошены посты по вхождению
2022-05-18 15:53:14,806 DEBUG Запрошен пост по имени
2022-05-18 15:53:16,731 DEBUG Запрошен пост 2
2022-05-18 15:53:20,523 DEBUG Запрошен пост по имени
2022-05-18 15:53:24,121 DEBUG Запрошены все посты
2022-05-18 15:53:29,495 DEBUG Запрошены посты по вхождению
2022-05-18 15:53:40,569 DEBUG Запрошены посты по вхождению
2022-05-18 16:16:46,438 DEBUG Запрошены все посты
2022-05-18 16:16:49,091 DEBUG Запрошены посты по вхождению
2022-05-18 16:16:52,203 DEBUG Запрошены все посты
2022-05-18 16:16:53,428 DEBUG Запрошен пост по имени
2022-05-18 16:16:56,822 DEBUG Запрошен пост 1
2022-05-18 16:17:00,088 DEBUG Запрошены все посты
2022-05-18 16:17:03,107 DEBUG Запрошен пост 2
2022-05-18 16:27:25,564 DEBUG Запрошены все посты
2022-05-18 16:27:29,214 DEBUG Запрошен пост по имени
2022-05-18 16:27:32,826 DEBUG Запрошены посты по вхождению
2022-05-18 16:27:36,139 DEBUG Запрошен пост 1
2022-05-18 16:27:39,809 DEBUG Запрошены все посты
2022-05-19 08:59:18,557 DEBUG Запрошены все посты
2022-05-19 08:59:21,191 DEBUG Запрошен пост по имени
2022-05-19 08:59:22,635 DEBUG Запрошены все посты
2022-05-19 08:59:25,504 DEBUG Запрошены посты по вхождению
2022-05-19 08:59:26,961 DEBUG Запрошены все посты
2022-05-19 08:59:30,887 DEBUG Запрошены посты по вхождению
2022-05-19 08:59:34,595 DEBUG Запрошен пост 4
2022-05-19 08:59:37,495 DEBUG Запрошен пост по имени
2022-05-19 08:59:41,744 DEBUG Запрошены все посты
2022-05-19 15:31:09,508 DEBUG Запрошены все посты
2022-05-19 15:31:12,146 DEBUG Запрошены посты по вхождению
2022-05-19 15:31:13,404 DEBUG Запрошены все посты
2022-05-19 15:31:14,490 DEBUG Запрошен пост по имени
2022-05-19 15:31:16,164 DEBUG Запрошен пост 1
2022-05-19 15:31:18,862 DEBUG Запрошены все посты
2022-05-19 22:03:54,001 DEBUG Запрошен пост 3 через API
2022-05-19 22:04:00,707 DEBUG Запрошены все посты через API
2022-05-19 22:04:33,346 DEBUG Запрошен пост 2 через API
2022-05-20 13:36:15,094 DEBUG Запрошены все посты
2022-05-20 13:36:17,537 DEBUG Запрошены посты по вхождению
2022-05-20 13:36:21,465 DEBUG Запрошены все посты
2022-05-20 13:36:25,262 DEBUG Запрошены посты по вхождению
2022-05-20 13:36:28,717 DEBUG Запрошены все посты
2022-05-20 13:36:30,014 DEBUG Запрошен пост по имени
2022-05-20 13:36:32,502 DEBUG Запрошен пост 1
2022-05-20 13:36:35,154 DEBUG Запрошен пост по имени
2022-05-20 13:36:38,504 DEBUG Запрошен пост 5
2022-05-20 13:36:41,671 DEBUG Запрошены все посты
2022-05-20 14:05:34,264 DEBUG Запрошены все посты
2022-05-20 14:06:08,489 DEBUG Запрошены все посты через API
2022-05-22 16:05:38,509 DEBUG Запрошены все посты
2022-05-22 16:05:45,173 DEBUG Запрошены посты по вхождению
2022-05-22 16:05:46,444 DEBUG Запрошены все посты
2022-05-22 16:05:47,499 DEBUG Запрошен пост по имени
2022-05-22 16:05:48,924 DEBUG Запрошены все посты
2022-05-22 16:06:01,071 DEBUG Запрошены все посты
2022-05-22 16:07:18,877 DEBUG Запрошен пост 1
2022-05-22 16:08:35,719 DEBUG Запрошены все посты через API
2022-05-22 16:08:48,730 DEBUG Запрошен пост 2 через API
2022-05-22 16:08:57,036 DEBUG Запрошен пост 1 через API
2022-05-22 16:21:04,088 DEBUG Запрошен пост по имени
2022-05-22 16:21:07,925 DEBUG Запрошен пост 4
2022-05-22 16:21:11,067 DEBUG Запрошен пост по имени
2022-05-22 16:21:14,335 DEBUG Запрошены все посты
2022-05-22 16:21:18,109 DEBUG Запрошены посты по вхождению
2022-05-22 16:21:23,435 DEBUG Запрошен пост по имени
2022-05-22 16:21:27,950 DEBUG Запрошен пост 1
2022-05-22 16:21:34,823 DEBUG Запрошены все посты
2022-05-22 16:27:58,277 DEBUG Запрошены все посты через API
2022-05-22 16:28:06,979 DEBUG Запрошен пост 4 через API
2022-05-22 16:29:02,259 DEBUG Запрошены все посты через API
2022-05-22 16:29:10,153 DEBUG Запрошен пост 4 через API
2022-05-22 16:30:24,869 DEBUG Запрошен пост по имени
2022-05-22 16:30:29,361 DEBUG Запрошен пост 5
2022-05-22 16:31:16,319 DEBUG Запрошен пост по имени
2022-05-22 16:31:32,565 DEBUG Запрошены все посты
2022-05-22 16:31:37,613 DEBUG Запрошены посты по вхождению
2022-05-22 16:31:41,319 DEBUG Запрошены посты по вхождению
2022-05-22 16:31:55,223 DEBUG Запрошены посты по вхождению
2022-05-22 16:32:01,950 DEBUG Запрошены посты по вхождению
2022-05-22 16:33:09,756 DEBUG Запрошены посты по вхождению
2022-05-22 16:33:16,846 DEBUG Запрошены посты по вхождению
2022-05-22 16:33:29,922 DEBUG Запрошены посты по вхождению
2022-05-22 16:33:33,866 DEBUG Запрошены посты по вхождению
2022-05-22 16:33:45,468 DEBUG Запрошены посты по вхождению
2022-05-22 16:33:52,006 DEBUG Запрошены все посты
2022-05-22 16:33:59,659 DEBUG Запрошены все посты
2022-05-24 19:33:20,877 DEBUG Запрошены все посты
2022-05-24 19:33:24,008 DEBUG Запрошен пост по имени
2022-05-24 19:33:25,471 DEBUG Запрошены все посты
2022-05-24 19:33:29,609 DEBUG Запрошены посты по вхождению
2022-05-24 20:02:57,647 DEBUG Запрошены все посты через API
2022-05-24 20:03:42,776 DEBUG Запрошен пост 3 через API
2022-07-05 00:05:02,603 DEBUG Запрошены все посты
2022-07-05 00:05:09,728 DEBUG Запрошены посты по вхождению
2022-07-05 00:05:11,525 DEBUG Запрошен пост 4
2022-07-05 00:05:13,250 DEBUG Запрошен пост по имени
2022-07-05 00:05:17,640 DEBUG Запрошен пост 4
2022-07-05 00:05:18,914 DEBUG Запрошен пост по имени
2022-07-05 00:05:22,039 DEBUG Запрошен пост 8
2022-07-05 00:05:26,118 DEBUG Запрошены все посты
2022-07-05 00:05:49,361 DEBUG Запрошен пост 1
2022-07-05 00:05:54,475 DEBUG Запрошены все посты
2022-07-05 00:05:59,799 DEBUG Запрошены посты по вхождению
2022-07-20 18:55:29,565 DEBUG Запрошены все посты
2022-07-20 18:55:33,236 DEBUG Запрошен пост 1
2022-07-20 18:55:35,054 DEBUG Запрошен пост по имени
2022-07-20 18:55:38,978 DEBUG Запрошены все посты
2022-07-20 18:55:44,469 DEBUG Запрошены посты по вхождению
2022-07-20 18:55:49,990 DEBUG Запрошены все посты
2022-08-12 14:38:00,049 DEBUG Запрошены все посты
2022-08-12 14:38:01,851 DEBUG Запрошен пост 1
2022-08-12 14:38:04,144 DEBUG Запрошены все посты
2022-08-12 14:38:09,030 DEBUG Запрошены посты по вхождению
2022-08-12 14:39:06,311 DEBUG Запрошены все посты
2022-08-12 14:39:07,712 DEBUG Запрошен пост 1
2022-08-12 23:17:45,356 DEBUG Запрошены все посты
2022-08-12 23:17:47,116 DEBUG Запрошен пост 1
2022-08-12 23:17:48,059 DEBUG Запрошен пост 1
2022-08-12 23:17:49,131 DEBUG Запрошены все посты
2022-08-12 23:17:51,798 DEBUG Запрошен пост по имени
2022-08-12 23:30:30,903 DEBUG Запрошены все посты
2022-08-12 23:30:35,265 DEBUG Запрошены посты по вхождению
2022-08-12 23:30:41,879 DEBUG Запрошен пост по имени
2022-08-12 23:30:46,359 DEBUG Запрошен пост 8
2022-08-12 23:30:51,393 DEBUG Запрошены все посты
2022-08-12 23:30:54,483 DEBUG Запрошен пост 1
2022-08-13 10:40:42,998 DEBUG Запрошены все посты
2022-08-27 14:09:04,656 DEBUG Запрошены все посты
2022-08-27 14:09:04,752 DEBUG Запрошены все посты
2022-08-27 14:09:15,044 DEBUG Запрошены посты по вхождению
2022-08-27 14:09:19,269 DEBUG Запрошены все посты
2022-08-27 17:26:44,822 DEBUG Запрошены все посты
2022-08-27 17:26:51,179 DEBUG Запрошены посты по вхождению
2022-08-27 17:26:54,407 DEBUG Запрошен пост 1
2022-08-27 17:26:57,046 DEBUG Запрошены все посты
2022-08-28 11:59:27,406 DEBUG Запрошены все посты
2022-08-28 11:59:30,104 DEBUG Запрошен пост 1
2022-08-28 11:59:32,187 DEBUG Запрошен пост по имени
2022-08-28 11:59:36,463 DEBUG Запрошены все посты
2022-08-28 11:59:41,830 DEBUG Запрошены посты по вхождению
2022-08-28 11:59:46,918 DEBUG Запрошены все посты
